#
# There is insufficient memory for the Java Runtime Environment to continue.
# Native memory allocation (malloc) failed to allocate 1048576 bytes for AllocateHeap
# Possible reasons:
#   The system is out of physical RAM or swap space
#   The process is running with CompressedOops enabled, and the Java Heap may be blocking the growth of the native heap
# Possible solutions:
#   Reduce memory load on the system
#   Increase physical memory or swap space
#   Check if swap backing store is full
#   Decrease Java heap size (-Xmx/-Xms)
#   Decrease number of Java threads
#   Decrease Java thread stack sizes (-Xss)
#   Set larger code cache with -XX:ReservedCodeCacheSize=
#   JVM is running with Unscaled Compressed Oops mode in which the Java heap is
#     placed in the first 4GB address space. The Java Heap base address is the
#     maximum limit for the native heap growth. Please use -XX:HeapBaseMinAddress
#     to set the Java Heap base and to place the Java Heap above 4GB virtual address.
# This output file may be truncated or incomplete.
#
#  Out of Memory Error (allocation.cpp:44), pid=13756, tid=18628
#
# JRE version: OpenJDK Runtime Environment Temurin-17.0.10+7 (17.0.10+7) (build 17.0.10+7)
# Java VM: OpenJDK 64-Bit Server VM Temurin-17.0.10+7 (17.0.10+7, mixed mode, emulated-client, tiered, compressed oops, compressed class ptrs, g1 gc, windows-amd64)
# No core dump will be written. Minidumps are not enabled by default on client versions of Windows
#

---------------  S U M M A R Y ------------

Command Line: -XX:+HeapDumpOnOutOfMemoryError -Xmx1024m -Dsts.lsp.client=vscode -Dsts.log.file=/dev/null -XX:TieredStopAtLevel=1 -Xlog:jni+resolve=off -Dspring.config.location=file:c:\Users\HP\.vscode\extensions\vmware.vscode-spring-boot-1.52.0\language-server\BOOT-INF\classes\application.properties org.springframework.ide.vscode.boot.app.BootLanguageServerBootApp

Host: AMD Ryzen 5 4500U with Radeon Graphics         , 6 cores, 7G,  Windows 11 , 64 bit Build 22621 (10.0.22621.3085)
Time: Sat Mar  2 22:23:31 2024 India Standard Time elapsed time: 36151.276754 seconds (0d 10h 2m 31s)

---------------  T H R E A D  ---------------

Current thread (0x000001fd7837f430):  VMThread "VM Thread" [stack: 0x000000eaa9200000,0x000000eaa9300000] [id=18628]

Stack: [0x000000eaa9200000,0x000000eaa9300000]
Native frames: (J=compiled Java code, j=interpreted, Vv=VM code, C=native code)
V  [jvm.dll+0x67d2c9]
V  [jvm.dll+0x834afa]
V  [jvm.dll+0x8365be]
V  [jvm.dll+0x836c23]
V  [jvm.dll+0x2477ff]
V  [jvm.dll+0xa6c93]
V  [jvm.dll+0x2f8663]
V  [jvm.dll+0x2f42e0]
V  [jvm.dll+0x2dc8c7]
V  [jvm.dll+0x31fb87]
V  [jvm.dll+0x83b11b]
V  [jvm.dll+0x83be61]
V  [jvm.dll+0x83c37d]
V  [jvm.dll+0x83c754]
V  [jvm.dll+0x83c820]
V  [jvm.dll+0x7e3fba]
V  [jvm.dll+0x67c1b5]
C  [ucrtbase.dll+0x29363]
C  [KERNEL32.DLL+0x1257d]
C  [ntdll.dll+0x5aa58]

VM_Operation (0x000000eaaa7fec40): G1CollectFull, mode: safepoint, requested by thread 0x000001fd7e380ab0


---------------  P R O C E S S  ---------------

Threads class SMR info:
_java_thread_list=0x000001fd7d60e940, length=25, elements={
0x000001fd78394380, 0x000001fd78395110, 0x000001fd783c5bf0, 0x000001fd783c66c0,
0x000001fd783c8fa0, 0x000001fd783c9870, 0x000001fd783ca1f0, 0x000001fd783ccb10,
0x000001fd786e71d0, 0x000001fd786eae80, 0x000001fd7e1e0e30, 0x000001fd7e380ab0,
0x000001fd7e496f80, 0x000001fd6d8f87b0, 0x000001fd7e4b1310, 0x000001fd7e4bdf00,
0x000001fd7e4c1c70, 0x000001fd7e4c2180, 0x000001fd7e4c1760, 0x000001fd7e814910,
0x000001fd7e80fd20, 0x000001fd7e80e3d0, 0x000001fd7e8139e0, 0x000001fd7e80d9b0,
0x000001fd7e8125a0
}

Java Threads: ( => current thread )
  0x000001fd78394380 JavaThread "Reference Handler" daemon [_thread_blocked, id=148, stack(0x000000eaa9300000,0x000000eaa9400000)]
  0x000001fd78395110 JavaThread "Finalizer" daemon [_thread_blocked, id=5184, stack(0x000000eaa9400000,0x000000eaa9500000)]
  0x000001fd783c5bf0 JavaThread "Signal Dispatcher" daemon [_thread_blocked, id=912, stack(0x000000eaa9500000,0x000000eaa9600000)]
  0x000001fd783c66c0 JavaThread "Attach Listener" daemon [_thread_blocked, id=12996, stack(0x000000eaa9600000,0x000000eaa9700000)]
  0x000001fd783c8fa0 JavaThread "Service Thread" daemon [_thread_blocked, id=8476, stack(0x000000eaa9700000,0x000000eaa9800000)]
  0x000001fd783c9870 JavaThread "Monitor Deflation Thread" daemon [_thread_blocked, id=7540, stack(0x000000eaa9800000,0x000000eaa9900000)]
  0x000001fd783ca1f0 JavaThread "C1 CompilerThread0" daemon [_thread_blocked, id=4020, stack(0x000000eaa9900000,0x000000eaa9a00000)]
  0x000001fd783ccb10 JavaThread "Sweeper thread" daemon [_thread_blocked, id=19196, stack(0x000000eaa9a00000,0x000000eaa9b00000)]
  0x000001fd786e71d0 JavaThread "Notification Thread" daemon [_thread_blocked, id=1640, stack(0x000000eaa9d00000,0x000000eaa9e00000)]
  0x000001fd786eae80 JavaThread "Common-Cleaner" daemon [_thread_blocked, id=10860, stack(0x000000eaa9f00000,0x000000eaaa000000)]
  0x000001fd7e1e0e30 JavaThread "boundedElastic-evictor-1" daemon [_thread_blocked, id=15204, stack(0x000000eaaa500000,0x000000eaaa600000)]
  0x000001fd7e380ab0 JavaThread "pool-12-thread-1" [_thread_blocked, id=14800, stack(0x000000eaaa700000,0x000000eaaa800000)]
  0x000001fd7e496f80 JavaThread "LanguageServerApp-lifecycle" [_thread_blocked, id=15856, stack(0x000000eaaa800000,0x000000eaaa900000)]
  0x000001fd6d8f87b0 JavaThread "DestroyJavaVM" [_thread_blocked, id=3984, stack(0x000000eaa8c00000,0x000000eaa8d00000)]
  0x000001fd7e4b1310 JavaThread "pool-13-thread-1" [_thread_in_native, id=13224, stack(0x000000eaaa900000,0x000000eaaaa00000)]
  0x000001fd7e4bdf00 JavaThread "Simple-Language-Server main thread" daemon [_thread_blocked, id=11028, stack(0x000000eaaaa00000,0x000000eaaab00000)]
  0x000001fd7e4c1c70 JavaThread "parallel-1" daemon [_thread_blocked, id=19184, stack(0x000000eaaae00000,0x000000eaaaf00000)]
  0x000001fd7e4c2180 JavaThread "pool-6-thread-1" [_thread_blocked, id=5948, stack(0x000000eaaaf00000,0x000000eaab000000)]
  0x000001fd7e4c1760 JavaThread "parallel-2" daemon [_thread_blocked, id=17780, stack(0x000000eaab000000,0x000000eaab100000)]
  0x000001fd7e814910 JavaThread "pool-8-thread-1" [_thread_blocked, id=18172, stack(0x000000eaa9b00000,0x000000eaa9c00000)]
  0x000001fd7e80fd20 JavaThread "parallel-3" daemon [_thread_blocked, id=13996, stack(0x000000eaa9c00000,0x000000eaa9d00000)]
  0x000001fd7e80e3d0 JavaThread "Reconciler-1" daemon [_thread_blocked, id=16488, stack(0x000000eaab200000,0x000000eaab300000)]
  0x000001fd7e8139e0 JavaThread "parallel-4" daemon [_thread_blocked, id=20292, stack(0x000000eaab400000,0x000000eaab500000)]
  0x000001fd7e80d9b0 JavaThread "parallel-5" daemon [_thread_blocked, id=13700, stack(0x000000eaab700000,0x000000eaab800000)]
  0x000001fd7e8125a0 JavaThread "parallel-6" daemon [_thread_blocked, id=12440, stack(0x000000eaa8b00000,0x000000eaa8c00000)]

Other Threads:
=>0x000001fd7837f430 VMThread "VM Thread" [stack: 0x000000eaa9200000,0x000000eaa9300000] [id=18628]
  0x000001fd786e7bc0 WatcherThread [stack: 0x000000eaa9e00000,0x000000eaa9f00000] [id=7072]
  0x000001fd6d9363c0 GCTaskThread "GC Thread#0" [stack: 0x000000eaa8d00000,0x000000eaa8e00000] [id=18852]
  0x000001fd7d8a0750 GCTaskThread "GC Thread#1" [stack: 0x000000eaaa000000,0x000000eaaa100000] [id=14756]
  0x000001fd7d8bccd0 GCTaskThread "GC Thread#2" [stack: 0x000000eaaa100000,0x000000eaaa200000] [id=1432]
  0x000001fd7d8bcf90 GCTaskThread "GC Thread#3" [stack: 0x000000eaaa200000,0x000000eaaa300000] [id=11316]
  0x000001fd7da55430 GCTaskThread "GC Thread#4" [stack: 0x000000eaaa300000,0x000000eaaa400000] [id=17276]
  0x000001fd7da556f0 GCTaskThread "GC Thread#5" [stack: 0x000000eaaa400000,0x000000eaaa500000] [id=9004]
  0x000001fd6d93f220 ConcurrentGCThread "G1 Main Marker" [stack: 0x000000eaa8e00000,0x000000eaa8f00000] [id=7244]
  0x000001fd6d93fb50 ConcurrentGCThread "G1 Conc#0" [stack: 0x000000eaa8f00000,0x000000eaa9000000] [id=16844]
  0x000001fd7dc124b0 ConcurrentGCThread "G1 Conc#1" [stack: 0x000000eaaa600000,0x000000eaaa700000] [id=7548]
  0x000001fd781f0090 ConcurrentGCThread "G1 Refine#0" [stack: 0x000000eaa9000000,0x000000eaa9100000] [id=5800]
  0x000001fd781f09d0 ConcurrentGCThread "G1 Service" [stack: 0x000000eaa9100000,0x000000eaa9200000] [id=15488]

Threads with active compile tasks:

VM state: at safepoint (normal execution)

VM Mutex/Monitor currently owned by a thread:  ([mutex/lock_event])
[0x000001fd6b7e04d0] Threads_lock - owner thread: 0x000001fd7837f430
[0x000001fd6d8f6770] Heap_lock - owner thread: 0x000001fd7e380ab0

Heap address: 0x00000000c0000000, size: 1024 MB, Compressed Oops mode: 32-bit

CDS archive(s) not mapped
Compressed class space mapped at: 0x0000000100000000-0x0000000140000000, reserved size: 1073741824
Narrow klass base: 0x0000000000000000, Narrow klass shift: 3, Narrow klass range: 0x140000000

GC Precious Log:
 CPUs: 6 total, 6 available
 Memory: 7564M
 Large Page Support: Disabled
 NUMA Support: Disabled
 Compressed Oops: Enabled (32-bit)
 Heap Region Size: 1M
 Heap Min Capacity: 8M
 Heap Initial Capacity: 120M
 Heap Max Capacity: 1G
 Pre-touch: Disabled
 Parallel Workers: 6
 Concurrent Workers: 2
 Concurrent Refinement Workers: 6
 Periodic GC: Disabled

Heap:
 garbage-first heap   total 106496K, used 39437K [0x00000000c0000000, 0x0000000100000000)
  region size 1024K, 1 young (1024K), 0 survivors (0K)
 Metaspace       used 59902K, committed 60288K, reserved 1114112K
  class space    used 7485K, committed 7680K, reserved 1048576K

Heap Regions: E=young(eden), S=young(survivor), O=old, HS=humongous(starts), HC=humongous(continues), CS=collection set, F=free, OA=open archive, CA=closed archive, TAMS=top-at-mark-start (previous, next)
|   0|0x00000000c0000000, 0x00000000c0100000, 0x00000000c0100000|100%|HS|  |TAMS 0x00000000c0100000, 0x00000000c0000000| Untracked 
|   1|0x00000000c0100000, 0x00000000c0200000, 0x00000000c0200000|100%|HC|  |TAMS 0x00000000c0200000, 0x00000000c0100000| Untracked 
|   2|0x00000000c0200000, 0x00000000c0300000, 0x00000000c0300000|100%|HC|  |TAMS 0x00000000c0300000, 0x00000000c0200000| Untracked 
|   3|0x00000000c0300000, 0x00000000c0400000, 0x00000000c0400000|100%|HC|  |TAMS 0x00000000c0400000, 0x00000000c0300000| Untracked 
|   4|0x00000000c0400000, 0x00000000c0500000, 0x00000000c0500000|100%|HS|  |TAMS 0x00000000c0500000, 0x00000000c0400000| Untracked 
|   5|0x00000000c0500000, 0x00000000c0600000, 0x00000000c0600000|100%|HC|  |TAMS 0x00000000c0600000, 0x00000000c0500000| Untracked 
|   6|0x00000000c0600000, 0x00000000c0700000, 0x00000000c0700000|100%| O|  |TAMS 0x00000000c0700000, 0x00000000c0600000| Untracked 
|   7|0x00000000c0700000, 0x00000000c07ffff0, 0x00000000c0800000| 99%| O|  |TAMS 0x00000000c07ffff0, 0x00000000c0700000| Untracked 
|   8|0x00000000c0800000, 0x00000000c08fcb10, 0x00000000c0900000| 98%| O|  |TAMS 0x00000000c08fcb10, 0x00000000c0800000| Untracked 
|   9|0x00000000c0900000, 0x00000000c0a00000, 0x00000000c0a00000|100%| O|  |TAMS 0x00000000c0a00000, 0x00000000c0900000| Untracked 
|  10|0x00000000c0a00000, 0x00000000c0aff230, 0x00000000c0b00000| 99%| O|  |TAMS 0x00000000c0aff230, 0x00000000c0a00000| Untracked 
|  11|0x00000000c0b00000, 0x00000000c0bffff0, 0x00000000c0c00000| 99%| O|  |TAMS 0x00000000c0bffff0, 0x00000000c0b00000| Untracked 
|  12|0x00000000c0c00000, 0x00000000c0cffff0, 0x00000000c0d00000| 99%| O|  |TAMS 0x00000000c0cffff0, 0x00000000c0c00000| Untracked 
|  13|0x00000000c0d00000, 0x00000000c0dffff8, 0x00000000c0e00000| 99%| O|  |TAMS 0x00000000c0dffff8, 0x00000000c0d00000| Untracked 
|  14|0x00000000c0e00000, 0x00000000c0f00000, 0x00000000c0f00000|100%| O|  |TAMS 0x00000000c0f00000, 0x00000000c0e00000| Untracked 
|  15|0x00000000c0f00000, 0x00000000c0ffffe8, 0x00000000c1000000| 99%| O|  |TAMS 0x00000000c0ffffe8, 0x00000000c0f00000| Untracked 
|  16|0x00000000c1000000, 0x00000000c1100000, 0x00000000c1100000|100%| O|  |TAMS 0x00000000c1100000, 0x00000000c1000000| Untracked 
|  17|0x00000000c1100000, 0x00000000c1200000, 0x00000000c1200000|100%| O|  |TAMS 0x00000000c1200000, 0x00000000c1100000| Untracked 
|  18|0x00000000c1200000, 0x00000000c1300000, 0x00000000c1300000|100%| O|  |TAMS 0x00000000c1300000, 0x00000000c1200000| Untracked 
|  19|0x00000000c1300000, 0x00000000c13ffff8, 0x00000000c1400000| 99%| O|  |TAMS 0x00000000c13ffff8, 0x00000000c1300000| Untracked 
|  20|0x00000000c1400000, 0x00000000c14ffff8, 0x00000000c1500000| 99%| O|  |TAMS 0x00000000c14ffff8, 0x00000000c1400000| Untracked 
|  21|0x00000000c1500000, 0x00000000c1600000, 0x00000000c1600000|100%| O|  |TAMS 0x00000000c1600000, 0x00000000c1500000| Untracked 
|  22|0x00000000c1600000, 0x00000000c16fffb0, 0x00000000c1700000| 99%| O|  |TAMS 0x00000000c16fffb0, 0x00000000c1600000| Untracked 
|  23|0x00000000c1700000, 0x00000000c17ffff0, 0x00000000c1800000| 99%| O|  |TAMS 0x00000000c17ffff0, 0x00000000c1700000| Untracked 
|  24|0x00000000c1800000, 0x00000000c18fffc8, 0x00000000c1900000| 99%| O|  |TAMS 0x00000000c18fffc8, 0x00000000c1800000| Untracked 
|  25|0x00000000c1900000, 0x00000000c19fffc0, 0x00000000c1a00000| 99%| O|  |TAMS 0x00000000c19fffc0, 0x00000000c1900000| Untracked 
|  26|0x00000000c1a00000, 0x00000000c1afffe0, 0x00000000c1b00000| 99%| O|  |TAMS 0x00000000c1afffe0, 0x00000000c1a00000| Untracked 
|  27|0x00000000c1b00000, 0x00000000c1bfffd8, 0x00000000c1c00000| 99%| O|  |TAMS 0x00000000c1bfffd8, 0x00000000c1b00000| Untracked 
|  28|0x00000000c1c00000, 0x00000000c1cfffe8, 0x00000000c1d00000| 99%| O|  |TAMS 0x00000000c1cfffe8, 0x00000000c1c00000| Untracked 
|  29|0x00000000c1d00000, 0x00000000c1dfffc8, 0x00000000c1e00000| 99%| O|  |TAMS 0x00000000c1dfffc8, 0x00000000c1d00000| Untracked 
|  30|0x00000000c1e00000, 0x00000000c1effff0, 0x00000000c1f00000| 99%| O|  |TAMS 0x00000000c1effff0, 0x00000000c1e00000| Untracked 
|  31|0x00000000c1f00000, 0x00000000c1fffcf8, 0x00000000c2000000| 99%| O|  |TAMS 0x00000000c1fffcf8, 0x00000000c1f00000| Untracked 
|  32|0x00000000c2000000, 0x00000000c20911e0, 0x00000000c2100000| 56%| O|  |TAMS 0x00000000c2000000, 0x00000000c2000000| Untracked 
|  33|0x00000000c2100000, 0x00000000c21f69f0, 0x00000000c2200000| 96%| O|  |TAMS 0x00000000c21f69f0, 0x00000000c2100000| Untracked 
|  34|0x00000000c2200000, 0x00000000c2200068, 0x00000000c2300000|  0%| O|  |TAMS 0x00000000c2200000, 0x00000000c2200000| Untracked 
|  35|0x00000000c2300000, 0x00000000c2300000, 0x00000000c2400000|  0%| F|  |TAMS 0x00000000c2300000, 0x00000000c2300000| Untracked 
|  36|0x00000000c2400000, 0x00000000c2400000, 0x00000000c2500000|  0%| F|  |TAMS 0x00000000c2400000, 0x00000000c2400000| Untracked 
|  37|0x00000000c2500000, 0x00000000c2500000, 0x00000000c2600000|  0%| F|  |TAMS 0x00000000c2500000, 0x00000000c2500000| Untracked 
|  38|0x00000000c2600000, 0x00000000c2600000, 0x00000000c2700000|  0%| F|  |TAMS 0x00000000c2600000, 0x00000000c2600000| Untracked 
|  39|0x00000000c2700000, 0x00000000c2800000, 0x00000000c2800000|100%|HS|  |TAMS 0x00000000c2800000, 0x00000000c2700000| Untracked 
|  40|0x00000000c2800000, 0x00000000c28ffff0, 0x00000000c2900000| 99%| O|  |TAMS 0x00000000c28ffff0, 0x00000000c2800000| Untracked 
|  41|0x00000000c2900000, 0x00000000c2900000, 0x00000000c2a00000|  0%| F|  |TAMS 0x00000000c2900000, 0x00000000c2900000| Untracked 
|  42|0x00000000c2a00000, 0x00000000c2b00000, 0x00000000c2b00000|100%| O|  |TAMS 0x00000000c2b00000, 0x00000000c2a00000| Untracked 
|  43|0x00000000c2b00000, 0x00000000c2b00000, 0x00000000c2c00000|  0%| F|  |TAMS 0x00000000c2b00000, 0x00000000c2b00000| Untracked 
|  44|0x00000000c2c00000, 0x00000000c2d00000, 0x00000000c2d00000|100%| O|  |TAMS 0x00000000c2d00000, 0x00000000c2c00000| Untracked 
|  45|0x00000000c2d00000, 0x00000000c2d00000, 0x00000000c2e00000|  0%| F|  |TAMS 0x00000000c2d00000, 0x00000000c2d00000| Untracked 
|  46|0x00000000c2e00000, 0x00000000c2e00000, 0x00000000c2f00000|  0%| F|  |TAMS 0x00000000c2e00000, 0x00000000c2e00000| Untracked 
|  47|0x00000000c2f00000, 0x00000000c2f00000, 0x00000000c3000000|  0%| F|  |TAMS 0x00000000c2f00000, 0x00000000c2f00000| Untracked 
|  48|0x00000000c3000000, 0x00000000c3000000, 0x00000000c3100000|  0%| F|  |TAMS 0x00000000c3000000, 0x00000000c3000000| Untracked 
|  49|0x00000000c3100000, 0x00000000c3100000, 0x00000000c3200000|  0%| F|  |TAMS 0x00000000c3100000, 0x00000000c3100000| Untracked 
|  50|0x00000000c3200000, 0x00000000c3200000, 0x00000000c3300000|  0%| F|  |TAMS 0x00000000c3200000, 0x00000000c3200000| Untracked 
|  51|0x00000000c3300000, 0x00000000c3300000, 0x00000000c3400000|  0%| F|  |TAMS 0x00000000c3300000, 0x00000000c3300000| Untracked 
|  52|0x00000000c3400000, 0x00000000c3400000, 0x00000000c3500000|  0%| F|  |TAMS 0x00000000c3400000, 0x00000000c3400000| Untracked 
|  53|0x00000000c3500000, 0x00000000c3500000, 0x00000000c3600000|  0%| F|  |TAMS 0x00000000c3500000, 0x00000000c3500000| Untracked 
|  54|0x00000000c3600000, 0x00000000c3600000, 0x00000000c3700000|  0%| F|  |TAMS 0x00000000c3600000, 0x00000000c3600000| Untracked 
|  55|0x00000000c3700000, 0x00000000c3700000, 0x00000000c3800000|  0%| F|  |TAMS 0x00000000c3700000, 0x00000000c3700000| Untracked 
|  56|0x00000000c3800000, 0x00000000c3800000, 0x00000000c3900000|  0%| F|  |TAMS 0x00000000c3800000, 0x00000000c3800000| Untracked 
|  57|0x00000000c3900000, 0x00000000c3900000, 0x00000000c3a00000|  0%| F|  |TAMS 0x00000000c3900000, 0x00000000c3900000| Untracked 
|  58|0x00000000c3a00000, 0x00000000c3a00000, 0x00000000c3b00000|  0%| F|  |TAMS 0x00000000c3a00000, 0x00000000c3a00000| Untracked 
|  59|0x00000000c3b00000, 0x00000000c3b00000, 0x00000000c3c00000|  0%| F|  |TAMS 0x00000000c3b00000, 0x00000000c3b00000| Untracked 
|  60|0x00000000c3c00000, 0x00000000c3c00000, 0x00000000c3d00000|  0%| F|  |TAMS 0x00000000c3c00000, 0x00000000c3c00000| Untracked 
|  61|0x00000000c3d00000, 0x00000000c3d00000, 0x00000000c3e00000|  0%| F|  |TAMS 0x00000000c3d00000, 0x00000000c3d00000| Untracked 
|  62|0x00000000c3e00000, 0x00000000c3e00000, 0x00000000c3f00000|  0%| F|  |TAMS 0x00000000c3e00000, 0x00000000c3e00000| Untracked 
|  63|0x00000000c3f00000, 0x00000000c3f00000, 0x00000000c4000000|  0%| F|  |TAMS 0x00000000c3f00000, 0x00000000c3f00000| Untracked 
|  64|0x00000000c4000000, 0x00000000c4000000, 0x00000000c4100000|  0%| F|  |TAMS 0x00000000c4000000, 0x00000000c4000000| Untracked 
|  65|0x00000000c4100000, 0x00000000c4100000, 0x00000000c4200000|  0%| F|  |TAMS 0x00000000c4100000, 0x00000000c4100000| Untracked 
|  66|0x00000000c4200000, 0x00000000c4200000, 0x00000000c4300000|  0%| F|  |TAMS 0x00000000c4200000, 0x00000000c4200000| Untracked 
|  67|0x00000000c4300000, 0x00000000c4300000, 0x00000000c4400000|  0%| F|  |TAMS 0x00000000c4300000, 0x00000000c4300000| Untracked 
|  68|0x00000000c4400000, 0x00000000c4400000, 0x00000000c4500000|  0%| F|  |TAMS 0x00000000c4400000, 0x00000000c4400000| Untracked 
|  69|0x00000000c4500000, 0x00000000c4500000, 0x00000000c4600000|  0%| F|  |TAMS 0x00000000c4500000, 0x00000000c4500000| Untracked 
|  70|0x00000000c4600000, 0x00000000c4600000, 0x00000000c4700000|  0%| F|  |TAMS 0x00000000c4600000, 0x00000000c4600000| Untracked 
|  71|0x00000000c4700000, 0x00000000c4700000, 0x00000000c4800000|  0%| F|  |TAMS 0x00000000c4700000, 0x00000000c4700000| Untracked 
|  72|0x00000000c4800000, 0x00000000c4800000, 0x00000000c4900000|  0%| F|  |TAMS 0x00000000c4800000, 0x00000000c4800000| Untracked 
|  73|0x00000000c4900000, 0x00000000c4900000, 0x00000000c4a00000|  0%| F|  |TAMS 0x00000000c4900000, 0x00000000c4900000| Untracked 
|  74|0x00000000c4a00000, 0x00000000c4a00000, 0x00000000c4b00000|  0%| F|  |TAMS 0x00000000c4a00000, 0x00000000c4a00000| Untracked 
|  75|0x00000000c4b00000, 0x00000000c4b00000, 0x00000000c4c00000|  0%| F|  |TAMS 0x00000000c4b00000, 0x00000000c4b00000| Untracked 
|  76|0x00000000c4c00000, 0x00000000c4c00000, 0x00000000c4d00000|  0%| F|  |TAMS 0x00000000c4c00000, 0x00000000c4c00000| Untracked 
|  77|0x00000000c4d00000, 0x00000000c4d00000, 0x00000000c4e00000|  0%| F|  |TAMS 0x00000000c4d00000, 0x00000000c4d00000| Untracked 
|  78|0x00000000c4e00000, 0x00000000c4e00000, 0x00000000c4f00000|  0%| F|  |TAMS 0x00000000c4e00000, 0x00000000c4e00000| Untracked 
|  79|0x00000000c4f00000, 0x00000000c4f00000, 0x00000000c5000000|  0%| F|  |TAMS 0x00000000c4f00000, 0x00000000c4f00000| Untracked 
|  80|0x00000000c5000000, 0x00000000c5000000, 0x00000000c5100000|  0%| F|  |TAMS 0x00000000c5000000, 0x00000000c5000000| Untracked 
|  81|0x00000000c5100000, 0x00000000c5100000, 0x00000000c5200000|  0%| F|  |TAMS 0x00000000c5100000, 0x00000000c5100000| Untracked 
|  82|0x00000000c5200000, 0x00000000c5200000, 0x00000000c5300000|  0%| F|  |TAMS 0x00000000c5200000, 0x00000000c5200000| Untracked 
|  83|0x00000000c5300000, 0x00000000c5300000, 0x00000000c5400000|  0%| F|  |TAMS 0x00000000c5300000, 0x00000000c5300000| Untracked 
|  84|0x00000000c5400000, 0x00000000c5400000, 0x00000000c5500000|  0%| F|  |TAMS 0x00000000c5400000, 0x00000000c5400000| Untracked 
|  85|0x00000000c5500000, 0x00000000c5500000, 0x00000000c5600000|  0%| F|  |TAMS 0x00000000c5500000, 0x00000000c5500000| Untracked 
|  86|0x00000000c5600000, 0x00000000c5600000, 0x00000000c5700000|  0%| F|  |TAMS 0x00000000c5600000, 0x00000000c5600000| Untracked 
|  87|0x00000000c5700000, 0x00000000c57ffff8, 0x00000000c5800000| 99%| O|  |TAMS 0x00000000c57ffff8, 0x00000000c5700000| Untracked 
|  88|0x00000000c5800000, 0x00000000c5800000, 0x00000000c5900000|  0%| F|  |TAMS 0x00000000c5800000, 0x00000000c5800000| Untracked 
|  89|0x00000000c5900000, 0x00000000c5900000, 0x00000000c5a00000|  0%| F|  |TAMS 0x00000000c5900000, 0x00000000c5900000| Untracked 
|  90|0x00000000c5a00000, 0x00000000c5a00000, 0x00000000c5b00000|  0%| F|  |TAMS 0x00000000c5a00000, 0x00000000c5a00000| Untracked 
|  91|0x00000000c5b00000, 0x00000000c5b00000, 0x00000000c5c00000|  0%| F|  |TAMS 0x00000000c5b00000, 0x00000000c5b00000| Untracked 
|  92|0x00000000c5c00000, 0x00000000c5c00000, 0x00000000c5d00000|  0%| F|  |TAMS 0x00000000c5c00000, 0x00000000c5c00000| Untracked 
|  93|0x00000000c5d00000, 0x00000000c5d00000, 0x00000000c5e00000|  0%| F|  |TAMS 0x00000000c5d00000, 0x00000000c5d00000| Untracked 
|  94|0x00000000c5e00000, 0x00000000c5e00000, 0x00000000c5f00000|  0%| F|  |TAMS 0x00000000c5e00000, 0x00000000c5e00000| Untracked 
|  95|0x00000000c5f00000, 0x00000000c5f00000, 0x00000000c6000000|  0%| F|  |TAMS 0x00000000c5f00000, 0x00000000c5f00000| Untracked 
|  96|0x00000000c6000000, 0x00000000c6000000, 0x00000000c6100000|  0%| F|  |TAMS 0x00000000c6000000, 0x00000000c6000000| Untracked 
|  97|0x00000000c6100000, 0x00000000c6100000, 0x00000000c6200000|  0%| F|  |TAMS 0x00000000c6100000, 0x00000000c6100000| Untracked 
|  98|0x00000000c6200000, 0x00000000c6200000, 0x00000000c6300000|  0%| F|  |TAMS 0x00000000c6200000, 0x00000000c6200000| Untracked 
|  99|0x00000000c6300000, 0x00000000c6300000, 0x00000000c6400000|  0%| F|  |TAMS 0x00000000c6300000, 0x00000000c6300000| Untracked 
| 100|0x00000000c6400000, 0x00000000c6400000, 0x00000000c6500000|  0%| F|  |TAMS 0x00000000c6400000, 0x00000000c6400000| Untracked 
| 101|0x00000000c6500000, 0x00000000c6500000, 0x00000000c6600000|  0%| F|  |TAMS 0x00000000c6500000, 0x00000000c6500000| Untracked 
| 102|0x00000000c6600000, 0x00000000c6600000, 0x00000000c6700000|  0%| F|  |TAMS 0x00000000c6600000, 0x00000000c6600000| Untracked 
| 103|0x00000000c6700000, 0x00000000c67058a8, 0x00000000c6800000|  2%| E|  |TAMS 0x00000000c6700000, 0x00000000c6700000| Complete 

Card table byte_map: [0x000001fd73780000,0x000001fd73980000] _byte_map_base: 0x000001fd73180000

Marking Bits (Prev, Next): (CMBitMap*) 0x000001fd6d936930, (CMBitMap*) 0x000001fd6d9368f0
 Prev Bits: [0x000001fd74b80000, 0x000001fd75b80000)
 Next Bits: [0x000001fd73b80000, 0x000001fd74b80000)

Polling page: 0x000001fd6d0a0000

Metaspace:

Usage:
  Non-class:     51.19 MB used.
      Class:      7.31 MB used.
       Both:     58.50 MB used.

Virtual space:
  Non-class space:       64.00 MB reserved,      51.38 MB ( 80%) committed,  1 nodes.
      Class space:        1.00 GB reserved,       7.50 MB ( <1%) committed,  1 nodes.
             Both:        1.06 GB reserved,      58.88 MB (  5%) committed. 

Chunk freelists:
   Non-Class:  12.64 MB
       Class:  8.47 MB
        Both:  21.11 MB

MaxMetaspaceSize: unlimited
CompressedClassSpaceSize: 1.00 GB
Initial GC threshold: 21.00 MB
Current GC threshold: 98.06 MB
CDS: off
MetaspaceReclaimPolicy: balanced
 - commit_granule_bytes: 65536.
 - commit_granule_words: 8192.
 - virtual_space_node_default_size: 8388608.
 - enlarge_chunks_in_place: 1.
 - new_chunks_are_fully_committed: 0.
 - uncommit_free_chunks: 1.
 - use_allocation_guard: 0.
 - handle_deallocations: 1.


Internal statistics:

num_allocs_failed_limit: 8.
num_arena_births: 1152.
num_arena_deaths: 616.
num_vsnodes_births: 2.
num_vsnodes_deaths: 0.
num_space_committed: 942.
num_space_uncommitted: 0.
num_chunks_returned_to_freelist: 855.
num_chunks_taken_from_freelist: 3371.
num_chunk_merges: 230.
num_chunk_splits: 1984.
num_chunks_enlarged: 1406.
num_inconsistent_stats: 0.

CodeCache: size=49152Kb used=20597Kb max_used=21769Kb free=28554Kb
 bounds [0x000001fd70580000, 0x000001fd71ad0000, 0x000001fd73580000]
 total_blobs=11305 nmethods=10629 adapters=602
 compilation: enabled
              stopped_count=0, restarted_count=0
 full_count=0

Compilation events (20 events):
Event: 34145.132 Thread 0x000001fd783ca1f0 10784       1       org.springframework.ide.vscode.boot.metadata.CachingValueProvider::<init> (20 bytes)
Event: 34145.133 Thread 0x000001fd783ca1f0 nmethod 10784 0x000001fd71606090 code [0x000001fd71606280, 0x000001fd71606718]
Event: 34145.133 Thread 0x000001fd783ca1f0 10785       1       org.springframework.ide.vscode.boot.metadata.CachingValueProvider::createCache (21 bytes)
Event: 34145.168 Thread 0x000001fd783ca1f0 nmethod 10785 0x000001fd71605810 code [0x000001fd71605a00, 0x000001fd71605e38]
Event: 34145.168 Thread 0x000001fd783ca1f0 10786       1       org.springframework.ide.vscode.boot.metadata.ClassReferenceProvider::<init> (20 bytes)
Event: 34145.170 Thread 0x000001fd783ca1f0 nmethod 10786 0x000001fd71604e10 code [0x000001fd71605000, 0x000001fd71605598]
Event: 34145.174 Thread 0x000001fd783ca1f0 10787       1       org.springframework.ide.vscode.boot.metadata.ClassReferenceProvider$$Lambda$1097/0x0000000100758ac8::call (12 bytes)
Event: 34145.175 Thread 0x000001fd783ca1f0 nmethod 10787 0x000001fd71604b10 code [0x000001fd71604ca0, 0x000001fd71604d88]
Event: 34145.175 Thread 0x000001fd783ca1f0 10788       1       org.springframework.ide.vscode.boot.metadata.ClassReferenceProvider::lambda$factory$0 (45 bytes)
Event: 34145.177 Thread 0x000001fd783ca1f0 nmethod 10788 0x000001fd71604090 code [0x000001fd716042a0, 0x000001fd71604878]
Event: 34145.177 Thread 0x000001fd783ca1f0 10789       1       org.springframework.ide.vscode.boot.metadata.ClassReferenceProvider::getTarget (36 bytes)
Event: 34145.178 Thread 0x000001fd783ca1f0 nmethod 10789 0x000001fd71603b10 code [0x000001fd71603ce0, 0x000001fd71603f08]
Event: 34145.178 Thread 0x000001fd783ca1f0 10790   !   1       org.springframework.ide.vscode.boot.metadata.ClassReferenceProvider::getConcrete (59 bytes)
Event: 34145.180 Thread 0x000001fd783ca1f0 nmethod 10790 0x000001fd71603490 code [0x000001fd71603680, 0x000001fd71603968]
Event: 34145.180 Thread 0x000001fd783ca1f0 10791       1       com.google.common.cache.LocalCache$NullEntry::setNextInAccessQueue (1 bytes)
Event: 34145.181 Thread 0x000001fd783ca1f0 nmethod 10791 0x000001fd71603190 code [0x000001fd71603320, 0x000001fd716033d8]
Event: 34145.181 Thread 0x000001fd783ca1f0 10792       1       com.google.common.cache.LocalCache$NullEntry::setPreviousInAccessQueue (1 bytes)
Event: 34145.181 Thread 0x000001fd783ca1f0 nmethod 10792 0x000001fd71602e90 code [0x000001fd71603020, 0x000001fd716030d8]
Event: 34225.339 Thread 0x000001fd783ca1f0 10793   !   1       java.util.concurrent.ThreadPoolExecutor::processWorkerExit (138 bytes)
Event: 34225.403 Thread 0x000001fd783ca1f0 nmethod 10793 0x000001fd711dd290 code [0x000001fd711dd4c0, 0x000001fd711dd988]

GC Heap History (20 events):
Event: 36048.256 GC heap before
{Heap before GC invocations=1183 (full 1011):
 garbage-first heap   total 106496K, used 39437K [0x00000000c0000000, 0x0000000100000000)
  region size 1024K, 1 young (1024K), 0 survivors (0K)
 Metaspace       used 59902K, committed 60288K, reserved 1114112K
  class space    used 7485K, committed 7680K, reserved 1048576K
}
Event: 36048.318 GC heap after
{Heap after GC invocations=1184 (full 1012):
 garbage-first heap   total 106496K, used 39437K [0x00000000c0000000, 0x0000000100000000)
  region size 1024K, 0 young (0K), 0 survivors (0K)
 Metaspace       used 59902K, committed 60288K, reserved 1114112K
  class space    used 7485K, committed 7680K, reserved 1048576K
}
Event: 36058.560 GC heap before
{Heap before GC invocations=1184 (full 1012):
 garbage-first heap   total 106496K, used 39437K [0x00000000c0000000, 0x0000000100000000)
  region size 1024K, 1 young (1024K), 0 survivors (0K)
 Metaspace       used 59902K, committed 60288K, reserved 1114112K
  class space    used 7485K, committed 7680K, reserved 1048576K
}
Event: 36058.643 GC heap after
{Heap after GC invocations=1185 (full 1013):
 garbage-first heap   total 106496K, used 39437K [0x00000000c0000000, 0x0000000100000000)
  region size 1024K, 0 young (0K), 0 survivors (0K)
 Metaspace       used 59902K, committed 60288K, reserved 1114112K
  class space    used 7485K, committed 7680K, reserved 1048576K
}
Event: 36068.831 GC heap before
{Heap before GC invocations=1185 (full 1013):
 garbage-first heap   total 106496K, used 39437K [0x00000000c0000000, 0x0000000100000000)
  region size 1024K, 1 young (1024K), 0 survivors (0K)
 Metaspace       used 59902K, committed 60288K, reserved 1114112K
  class space    used 7485K, committed 7680K, reserved 1048576K
}
Event: 36068.890 GC heap after
{Heap after GC invocations=1186 (full 1014):
 garbage-first heap   total 106496K, used 39437K [0x00000000c0000000, 0x0000000100000000)
  region size 1024K, 0 young (0K), 0 survivors (0K)
 Metaspace       used 59902K, committed 60288K, reserved 1114112K
  class space    used 7485K, committed 7680K, reserved 1048576K
}
Event: 36079.138 GC heap before
{Heap before GC invocations=1186 (full 1014):
 garbage-first heap   total 106496K, used 39437K [0x00000000c0000000, 0x0000000100000000)
  region size 1024K, 1 young (1024K), 0 survivors (0K)
 Metaspace       used 59902K, committed 60288K, reserved 1114112K
  class space    used 7485K, committed 7680K, reserved 1048576K
}
Event: 36079.219 GC heap after
{Heap after GC invocations=1187 (full 1015):
 garbage-first heap   total 106496K, used 39437K [0x00000000c0000000, 0x0000000100000000)
  region size 1024K, 0 young (0K), 0 survivors (0K)
 Metaspace       used 59902K, committed 60288K, reserved 1114112K
  class space    used 7485K, committed 7680K, reserved 1048576K
}
Event: 36089.492 GC heap before
{Heap before GC invocations=1187 (full 1015):
 garbage-first heap   total 106496K, used 39437K [0x00000000c0000000, 0x0000000100000000)
  region size 1024K, 1 young (1024K), 0 survivors (0K)
 Metaspace       used 59902K, committed 60288K, reserved 1114112K
  class space    used 7485K, committed 7680K, reserved 1048576K
}
Event: 36089.561 GC heap after
{Heap after GC invocations=1188 (full 1016):
 garbage-first heap   total 106496K, used 39437K [0x00000000c0000000, 0x0000000100000000)
  region size 1024K, 0 young (0K), 0 survivors (0K)
 Metaspace       used 59902K, committed 60288K, reserved 1114112K
  class space    used 7485K, committed 7680K, reserved 1048576K
}
Event: 36099.805 GC heap before
{Heap before GC invocations=1188 (full 1016):
 garbage-first heap   total 106496K, used 39437K [0x00000000c0000000, 0x0000000100000000)
  region size 1024K, 1 young (1024K), 0 survivors (0K)
 Metaspace       used 59902K, committed 60288K, reserved 1114112K
  class space    used 7485K, committed 7680K, reserved 1048576K
}
Event: 36099.880 GC heap after
{Heap after GC invocations=1189 (full 1017):
 garbage-first heap   total 106496K, used 39437K [0x00000000c0000000, 0x0000000100000000)
  region size 1024K, 0 young (0K), 0 survivors (0K)
 Metaspace       used 59902K, committed 60288K, reserved 1114112K
  class space    used 7485K, committed 7680K, reserved 1048576K
}
Event: 36110.129 GC heap before
{Heap before GC invocations=1189 (full 1017):
 garbage-first heap   total 106496K, used 39437K [0x00000000c0000000, 0x0000000100000000)
  region size 1024K, 1 young (1024K), 0 survivors (0K)
 Metaspace       used 59902K, committed 60288K, reserved 1114112K
  class space    used 7485K, committed 7680K, reserved 1048576K
}
Event: 36110.208 GC heap after
{Heap after GC invocations=1190 (full 1018):
 garbage-first heap   total 106496K, used 39437K [0x00000000c0000000, 0x0000000100000000)
  region size 1024K, 0 young (0K), 0 survivors (0K)
 Metaspace       used 59902K, committed 60288K, reserved 1114112K
  class space    used 7485K, committed 7680K, reserved 1048576K
}
Event: 36120.407 GC heap before
{Heap before GC invocations=1190 (full 1018):
 garbage-first heap   total 106496K, used 39437K [0x00000000c0000000, 0x0000000100000000)
  region size 1024K, 1 young (1024K), 0 survivors (0K)
 Metaspace       used 59902K, committed 60288K, reserved 1114112K
  class space    used 7485K, committed 7680K, reserved 1048576K
}
Event: 36120.467 GC heap after
{Heap after GC invocations=1191 (full 1019):
 garbage-first heap   total 106496K, used 39437K [0x00000000c0000000, 0x0000000100000000)
  region size 1024K, 0 young (0K), 0 survivors (0K)
 Metaspace       used 59902K, committed 60288K, reserved 1114112K
  class space    used 7485K, committed 7680K, reserved 1048576K
}
Event: 36130.804 GC heap before
{Heap before GC invocations=1191 (full 1019):
 garbage-first heap   total 106496K, used 39437K [0x00000000c0000000, 0x0000000100000000)
  region size 1024K, 1 young (1024K), 0 survivors (0K)
 Metaspace       used 59902K, committed 60288K, reserved 1114112K
  class space    used 7485K, committed 7680K, reserved 1048576K
}
Event: 36130.854 GC heap after
{Heap after GC invocations=1192 (full 1020):
 garbage-first heap   total 106496K, used 39437K [0x00000000c0000000, 0x0000000100000000)
  region size 1024K, 0 young (0K), 0 survivors (0K)
 Metaspace       used 59902K, committed 60288K, reserved 1114112K
  class space    used 7485K, committed 7680K, reserved 1048576K
}
Event: 36141.124 GC heap before
{Heap before GC invocations=1192 (full 1020):
 garbage-first heap   total 106496K, used 39437K [0x00000000c0000000, 0x0000000100000000)
  region size 1024K, 1 young (1024K), 0 survivors (0K)
 Metaspace       used 59902K, committed 60288K, reserved 1114112K
  class space    used 7485K, committed 7680K, reserved 1048576K
}
Event: 36141.186 GC heap after
{Heap after GC invocations=1193 (full 1021):
 garbage-first heap   total 106496K, used 39437K [0x00000000c0000000, 0x0000000100000000)
  region size 1024K, 0 young (0K), 0 survivors (0K)
 Metaspace       used 59902K, committed 60288K, reserved 1114112K
  class space    used 7485K, committed 7680K, reserved 1048576K
}

Dll operation events (10 events):
Event: 0.008 Loaded shared library c:\Users\HP\.vscode\extensions\redhat.java-1.28.1-win32-x64\jre\17.0.10-win32-x86_64\bin\java.dll
Event: 0.414 Loaded shared library C:\Users\HP\.vscode\extensions\redhat.java-1.28.1-win32-x64\jre\17.0.10-win32-x86_64\bin\net.dll
Event: 0.416 Loaded shared library C:\Users\HP\.vscode\extensions\redhat.java-1.28.1-win32-x64\jre\17.0.10-win32-x86_64\bin\nio.dll
Event: 0.441 Loaded shared library C:\Users\HP\.vscode\extensions\redhat.java-1.28.1-win32-x64\jre\17.0.10-win32-x86_64\bin\zip.dll
Event: 0.806 Loaded shared library C:\Users\HP\.vscode\extensions\redhat.java-1.28.1-win32-x64\jre\17.0.10-win32-x86_64\bin\jimage.dll
Event: 2.381 Loaded shared library c:\Users\HP\.vscode\extensions\redhat.java-1.28.1-win32-x64\jre\17.0.10-win32-x86_64\bin\verify.dll
Event: 4.647 Loaded shared library C:\Users\HP\.vscode\extensions\redhat.java-1.28.1-win32-x64\jre\17.0.10-win32-x86_64\bin\management.dll
Event: 4.651 Loaded shared library C:\Users\HP\.vscode\extensions\redhat.java-1.28.1-win32-x64\jre\17.0.10-win32-x86_64\bin\management_ext.dll
Event: 5.994 Loaded shared library C:\Users\HP\.vscode\extensions\redhat.java-1.28.1-win32-x64\jre\17.0.10-win32-x86_64\bin\sunmscapi.dll
Event: 6.374 Loaded shared library C:\Users\HP\.vscode\extensions\redhat.java-1.28.1-win32-x64\jre\17.0.10-win32-x86_64\bin\extnet.dll

Deoptimization events (20 events):
Event: 316.533 Thread 0x000001fd7e813ef0 DEOPT UNPACKING pc=0x000001fd705d7143 sp=0x000000eaabdfe048 mode 0
Event: 316.533 Thread 0x000001fd7e812ab0 DEOPT UNPACKING pc=0x000001fd705d7143 sp=0x000000eaaadfdeb8 mode 0
Event: 376.099 Thread 0x000001fd7e4c2180 DEOPT PACKING pc=0x000001fd70d5750c sp=0x000000eaaaffe3d0
Event: 376.100 Thread 0x000001fd7e4c2180 DEOPT UNPACKING pc=0x000001fd705d7143 sp=0x000000eaaaffd950 mode 0
Event: 376.100 Thread 0x000001fd7e4c2180 DEOPT PACKING pc=0x000001fd70d5750c sp=0x000000eaaaffe630
Event: 376.100 Thread 0x000001fd7e4c2180 DEOPT UNPACKING pc=0x000001fd705d7143 sp=0x000000eaaaffdbb0 mode 0
Event: 376.100 Thread 0x000001fd7e4c2180 DEOPT PACKING pc=0x000001fd70d5750c sp=0x000000eaaaffea80
Event: 376.100 Thread 0x000001fd7e4c2180 DEOPT UNPACKING pc=0x000001fd705d7143 sp=0x000000eaaaffe000 mode 0
Event: 1514.744 Thread 0x000001fd7e810230 DEOPT PACKING pc=0x000001fd710c3126 sp=0x000000eaaabfea10
Event: 1514.744 Thread 0x000001fd7e810230 DEOPT UNPACKING pc=0x000001fd705d7143 sp=0x000000eaaabfdf98 mode 0
Event: 13568.541 Thread 0x000001fd7e814400 DEOPT PACKING pc=0x000001fd71130a84 sp=0x000000eaaabfea10
Event: 13568.541 Thread 0x000001fd7e814400 DEOPT UNPACKING pc=0x000001fd705d7143 sp=0x000000eaaabfde60 mode 0
Event: 14435.867 Thread 0x000001fd7e811160 DEOPT PACKING pc=0x000001fd7128654c sp=0x000000eaab1fdcd0
Event: 14435.867 Thread 0x000001fd7e811160 DEOPT UNPACKING pc=0x000001fd705d7143 sp=0x000000eaab1fd238 mode 0
Event: 30170.222 Thread 0x000001fd7e814400 DEOPT PACKING pc=0x000001fd714623ec sp=0x000000eaaabfd890
Event: 30170.223 Thread 0x000001fd7e814400 DEOPT UNPACKING pc=0x000001fd705d7143 sp=0x000000eaaabfce10 mode 0
Event: 30170.223 Thread 0x000001fd7e814400 DEOPT PACKING pc=0x000001fd714622ac sp=0x000000eaaabfd9f0
Event: 30170.224 Thread 0x000001fd7e814400 DEOPT UNPACKING pc=0x000001fd705d7143 sp=0x000000eaaabfcf60 mode 0
Event: 30170.225 Thread 0x000001fd7e814400 DEOPT PACKING pc=0x000001fd71461b8c sp=0x000000eaaabfdb50
Event: 30170.225 Thread 0x000001fd7e814400 DEOPT UNPACKING pc=0x000001fd705d7143 sp=0x000000eaaabfd0c8 mode 0

Classes unloaded (20 events):
Event: 30095.393 Thread 0x000001fd7837f430 Unloading class 0x0000000100789c00 'jdk/internal/reflect/GeneratedConstructorAccessor106'
Event: 30095.393 Thread 0x000001fd7837f430 Unloading class 0x0000000100789800 'jdk/internal/reflect/GeneratedMethodAccessor117'
Event: 30095.393 Thread 0x000001fd7837f430 Unloading class 0x0000000100789400 'jdk/internal/reflect/GeneratedConstructorAccessor105'
Event: 30095.393 Thread 0x000001fd7837f430 Unloading class 0x0000000100789000 'jdk/internal/reflect/GeneratedMethodAccessor116'
Event: 30095.393 Thread 0x000001fd7837f430 Unloading class 0x0000000100788c00 'jdk/internal/reflect/GeneratedMethodAccessor115'
Event: 30095.393 Thread 0x000001fd7837f430 Unloading class 0x0000000100788800 'jdk/internal/reflect/GeneratedMethodAccessor114'
Event: 30630.717 Thread 0x000001fd7837f430 Unloading class 0x0000000100789000 'jdk/internal/reflect/GeneratedMethodAccessor123'
Event: 30630.717 Thread 0x000001fd7837f430 Unloading class 0x0000000100786c00 'jdk/internal/reflect/GeneratedConstructorAccessor108'
Event: 30630.717 Thread 0x000001fd7837f430 Unloading class 0x0000000100786800 'jdk/internal/reflect/GeneratedMethodAccessor122'
Event: 30630.717 Thread 0x000001fd7837f430 Unloading class 0x0000000100786400 'jdk/internal/reflect/GeneratedConstructorAccessor107'
Event: 30630.718 Thread 0x000001fd7837f430 Unloading class 0x0000000100786000 'jdk/internal/reflect/GeneratedMethodAccessor121'
Event: 30630.718 Thread 0x000001fd7837f430 Unloading class 0x0000000100788c00 'jdk/internal/reflect/GeneratedMethodAccessor120'
Event: 30630.718 Thread 0x000001fd7837f430 Unloading class 0x0000000100788800 'jdk/internal/reflect/GeneratedMethodAccessor119'
Event: 32359.270 Thread 0x000001fd7837f430 Unloading class 0x0000000100786000 'jdk/internal/reflect/GeneratedMethodAccessor128'
Event: 32359.270 Thread 0x000001fd7837f430 Unloading class 0x0000000100789c00 'jdk/internal/reflect/GeneratedConstructorAccessor110'
Event: 32359.270 Thread 0x000001fd7837f430 Unloading class 0x0000000100789800 'jdk/internal/reflect/GeneratedMethodAccessor127'
Event: 32359.270 Thread 0x000001fd7837f430 Unloading class 0x0000000100789400 'jdk/internal/reflect/GeneratedConstructorAccessor109'
Event: 32359.270 Thread 0x000001fd7837f430 Unloading class 0x0000000100789000 'jdk/internal/reflect/GeneratedMethodAccessor126'
Event: 32359.270 Thread 0x000001fd7837f430 Unloading class 0x0000000100788c00 'jdk/internal/reflect/GeneratedMethodAccessor125'
Event: 32359.270 Thread 0x000001fd7837f430 Unloading class 0x0000000100788800 'jdk/internal/reflect/GeneratedMethodAccessor124'

Classes redefined (0 events):
No events

Internal exceptions (20 events):
Event: 34145.695 Thread 0x000001fd7e80e3d0 Exception <a 'sun/nio/fs/WindowsException'{0x00000000c5bacb88}> (0x00000000c5bacb88) 
thrown [s\src\hotspot\share\prims\jni.cpp, line 516]
Event: 34145.695 Thread 0x000001fd7e80e3d0 Exception <a 'sun/nio/fs/WindowsException'{0x00000000c5bad278}> (0x00000000c5bad278) 
thrown [s\src\hotspot\share\prims\jni.cpp, line 516]
Event: 34145.695 Thread 0x000001fd7e80e3d0 Exception <a 'sun/nio/fs/WindowsException'{0x00000000c5bad600}> (0x00000000c5bad600) 
thrown [s\src\hotspot\share\prims\jni.cpp, line 516]
Event: 34145.696 Thread 0x000001fd7e80e3d0 Exception <a 'sun/nio/fs/WindowsException'{0x00000000c5bae530}> (0x00000000c5bae530) 
thrown [s\src\hotspot\share\prims\jni.cpp, line 516]
Event: 34145.696 Thread 0x000001fd7e80e3d0 Exception <a 'sun/nio/fs/WindowsException'{0x00000000c5bae8f0}> (0x00000000c5bae8f0) 
thrown [s\src\hotspot\share\prims\jni.cpp, line 516]
Event: 34145.696 Thread 0x000001fd7e80e3d0 Exception <a 'sun/nio/fs/WindowsException'{0x00000000c5baf620}> (0x00000000c5baf620) 
thrown [s\src\hotspot\share\prims\jni.cpp, line 516]
Event: 34145.696 Thread 0x000001fd7e80e3d0 Exception <a 'sun/nio/fs/WindowsException'{0x00000000c5bafd10}> (0x00000000c5bafd10) 
thrown [s\src\hotspot\share\prims\jni.cpp, line 516]
Event: 34145.696 Thread 0x000001fd7e80e3d0 Exception <a 'sun/nio/fs/WindowsException'{0x00000000c5bb0098}> (0x00000000c5bb0098) 
thrown [s\src\hotspot\share\prims\jni.cpp, line 516]
Event: 34145.696 Thread 0x000001fd7e80e3d0 Exception <a 'sun/nio/fs/WindowsException'{0x00000000c5bb0fc8}> (0x00000000c5bb0fc8) 
thrown [s\src\hotspot\share\prims\jni.cpp, line 516]
Event: 34145.696 Thread 0x000001fd7e80e3d0 Exception <a 'sun/nio/fs/WindowsException'{0x00000000c5bb1388}> (0x00000000c5bb1388) 
thrown [s\src\hotspot\share\prims\jni.cpp, line 516]
Event: 34145.795 Thread 0x000001fd7e80e3d0 Exception <a 'sun/nio/fs/WindowsException'{0x00000000c5d7d7e0}> (0x00000000c5d7d7e0) 
thrown [s\src\hotspot\share\prims\jni.cpp, line 516]
Event: 34145.795 Thread 0x000001fd7e80e3d0 Exception <a 'sun/nio/fs/WindowsException'{0x00000000c5d7de98}> (0x00000000c5d7de98) 
thrown [s\src\hotspot\share\prims\jni.cpp, line 516]
Event: 34145.795 Thread 0x000001fd7e80e3d0 Exception <a 'sun/nio/fs/WindowsException'{0x00000000c5d7e1f8}> (0x00000000c5d7e1f8) 
thrown [s\src\hotspot\share\prims\jni.cpp, line 516]
Event: 34145.795 Thread 0x000001fd7e80e3d0 Exception <a 'sun/nio/fs/WindowsException'{0x00000000c5d7f1f8}> (0x00000000c5d7f1f8) 
thrown [s\src\hotspot\share\prims\jni.cpp, line 516]
Event: 34145.795 Thread 0x000001fd7e80e3d0 Exception <a 'sun/nio/fs/WindowsException'{0x00000000c5d7f5a8}> (0x00000000c5d7f5a8) 
thrown [s\src\hotspot\share\prims\jni.cpp, line 516]
Event: 34145.795 Thread 0x000001fd7e80e3d0 Exception <a 'sun/nio/fs/WindowsException'{0x00000000c5d802d8}> (0x00000000c5d802d8) 
thrown [s\src\hotspot\share\prims\jni.cpp, line 516]
Event: 34145.795 Thread 0x000001fd7e80e3d0 Exception <a 'sun/nio/fs/WindowsException'{0x00000000c5d809c8}> (0x00000000c5d809c8) 
thrown [s\src\hotspot\share\prims\jni.cpp, line 516]
Event: 34145.795 Thread 0x000001fd7e80e3d0 Exception <a 'sun/nio/fs/WindowsException'{0x00000000c5d80d50}> (0x00000000c5d80d50) 
thrown [s\src\hotspot\share\prims\jni.cpp, line 516]
Event: 34145.795 Thread 0x000001fd7e80e3d0 Exception <a 'sun/nio/fs/WindowsException'{0x00000000c5d81c80}> (0x00000000c5d81c80) 
thrown [s\src\hotspot\share\prims\jni.cpp, line 516]
Event: 34145.795 Thread 0x000001fd7e80e3d0 Exception <a 'sun/nio/fs/WindowsException'{0x00000000c5d82040}> (0x00000000c5d82040) 
thrown [s\src\hotspot\share\prims\jni.cpp, line 516]

VM Operations (20 events):
Event: 36048.318 Executing VM operation: G1CollectFull done
Event: 36058.560 Executing VM operation: G1CollectFull
Event: 36058.643 Executing VM operation: G1CollectFull done
Event: 36068.831 Executing VM operation: G1CollectFull
Event: 36068.890 Executing VM operation: G1CollectFull done
Event: 36079.137 Executing VM operation: G1CollectFull
Event: 36079.219 Executing VM operation: G1CollectFull done
Event: 36089.492 Executing VM operation: G1CollectFull
Event: 36089.562 Executing VM operation: G1CollectFull done
Event: 36099.805 Executing VM operation: G1CollectFull
Event: 36099.880 Executing VM operation: G1CollectFull done
Event: 36110.129 Executing VM operation: G1CollectFull
Event: 36110.208 Executing VM operation: G1CollectFull done
Event: 36120.407 Executing VM operation: G1CollectFull
Event: 36120.467 Executing VM operation: G1CollectFull done
Event: 36130.804 Executing VM operation: G1CollectFull
Event: 36130.855 Executing VM operation: G1CollectFull done
Event: 36141.124 Executing VM operation: G1CollectFull
Event: 36141.186 Executing VM operation: G1CollectFull done
Event: 36151.266 Executing VM operation: G1CollectFull

Events (20 events):
Event: 34010.591 Thread 0x000001fd7e811670 Thread exited: 0x000001fd7e811670
Event: 34010.591 Thread 0x000001fd7e80f810 Thread exited: 0x000001fd7e80f810
Event: 34017.030 Thread 0x000001fd7e811160 Thread added: 0x000001fd7e811160
Event: 34017.031 Thread 0x000001fd7e810230 Thread added: 0x000001fd7e810230
Event: 34017.040 Thread 0x000001fd7e810740 Thread added: 0x000001fd7e810740
Event: 34020.598 Thread 0x000001fd7e814400 Thread added: 0x000001fd7e814400
Event: 34080.285 Thread 0x000001fd7e810740 Thread exited: 0x000001fd7e810740
Event: 34080.597 Thread 0x000001fd7e811160 Thread exited: 0x000001fd7e811160
Event: 34080.614 Thread 0x000001fd7e810230 Thread exited: 0x000001fd7e810230
Event: 34101.137 Thread 0x000001fd7e811160 Thread added: 0x000001fd7e811160
Event: 34102.779 Thread 0x000001fd7e812ab0 Thread added: 0x000001fd7e812ab0
Event: 34119.028 Thread 0x000001fd7e814e20 Thread added: 0x000001fd7e814e20
Event: 34145.083 Thread 0x000001fd7e810c50 Thread added: 0x000001fd7e810c50
Event: 34145.313 Thread 0x000001fd7e80dec0 Thread added: 0x000001fd7e80dec0
Event: 34205.092 Thread 0x000001fd7e810c50 Thread exited: 0x000001fd7e810c50
Event: 34205.401 Thread 0x000001fd7e80dec0 Thread exited: 0x000001fd7e80dec0
Event: 34206.817 Thread 0x000001fd7e814400 Thread exited: 0x000001fd7e814400
Event: 34225.339 Thread 0x000001fd7e811160 Thread exited: 0x000001fd7e811160
Event: 34227.058 Thread 0x000001fd7e812ab0 Thread exited: 0x000001fd7e812ab0
Event: 34227.059 Thread 0x000001fd7e814e20 Thread exited: 0x000001fd7e814e20


Dynamic libraries:
0x00007ff6a2eb0000 - 0x00007ff6a2ebe000 	c:\Users\HP\.vscode\extensions\redhat.java-1.28.1-win32-x64\jre\17.0.10-win32-x86_64\bin\java.exe
0x00007ffea6c70000 - 0x00007ffea6e87000 	C:\WINDOWS\SYSTEM32\ntdll.dll
0x00007ffea5f90000 - 0x00007ffea6054000 	C:\WINDOWS\System32\KERNEL32.DLL
0x00007ffea42b0000 - 0x00007ffea4656000 	C:\WINDOWS\System32\KERNELBASE.dll
0x00007ffea40e0000 - 0x00007ffea41f1000 	C:\WINDOWS\System32\ucrtbase.dll
0x00007ffe754d0000 - 0x00007ffe754e7000 	c:\Users\HP\.vscode\extensions\redhat.java-1.28.1-win32-x64\jre\17.0.10-win32-x86_64\bin\jli.dll
0x00007ffea6970000 - 0x00007ffea6b1e000 	C:\WINDOWS\System32\USER32.dll
0x00007ffea4280000 - 0x00007ffea42a6000 	C:\WINDOWS\System32\win32u.dll
0x00007ffea5190000 - 0x00007ffea51b9000 	C:\WINDOWS\System32\GDI32.dll
0x00007ffe72550000 - 0x00007ffe7256b000 	c:\Users\HP\.vscode\extensions\redhat.java-1.28.1-win32-x64\jre\17.0.10-win32-x86_64\bin\VCRUNTIME140.dll
0x00007ffea4870000 - 0x00007ffea4988000 	C:\WINDOWS\System32\gdi32full.dll
0x00007ffea4660000 - 0x00007ffea46fa000 	C:\WINDOWS\System32\msvcp_win.dll
0x00007ffe84b50000 - 0x00007ffe84de3000 	C:\WINDOWS\WinSxS\amd64_microsoft.windows.common-controls_6595b64144ccf1df_6.0.22621.2506_none_270c5ae97388e100\COMCTL32.dll
0x00007ffea5c20000 - 0x00007ffea5cc7000 	C:\WINDOWS\System32\msvcrt.dll
0x00007ffea6b20000 - 0x00007ffea6b51000 	C:\WINDOWS\System32\IMM32.DLL
0x00007ffe8d230000 - 0x00007ffe8d23c000 	c:\Users\HP\.vscode\extensions\redhat.java-1.28.1-win32-x64\jre\17.0.10-win32-x86_64\bin\vcruntime140_1.dll
0x00007ffe65370000 - 0x00007ffe653fd000 	c:\Users\HP\.vscode\extensions\redhat.java-1.28.1-win32-x64\jre\17.0.10-win32-x86_64\bin\msvcp140.dll
0x00007ffe5fcd0000 - 0x00007ffe60932000 	c:\Users\HP\.vscode\extensions\redhat.java-1.28.1-win32-x64\jre\17.0.10-win32-x86_64\bin\server\jvm.dll
0x00007ffea4a70000 - 0x00007ffea4b23000 	C:\WINDOWS\System32\ADVAPI32.dll
0x00007ffea49c0000 - 0x00007ffea4a68000 	C:\WINDOWS\System32\sechost.dll
0x00007ffea4990000 - 0x00007ffea49b8000 	C:\WINDOWS\System32\bcrypt.dll
0x00007ffea5cd0000 - 0x00007ffea5de7000 	C:\WINDOWS\System32\RPCRT4.dll
0x00007ffea3dd0000 - 0x00007ffea3e1d000 	C:\WINDOWS\SYSTEM32\POWRPROF.dll
0x00007ffe90670000 - 0x00007ffe90679000 	C:\WINDOWS\SYSTEM32\WSOCK32.dll
0x00007ffea68d0000 - 0x00007ffea6941000 	C:\WINDOWS\System32\WS2_32.dll
0x00007ffe9c4f0000 - 0x00007ffe9c524000 	C:\WINDOWS\SYSTEM32\WINMM.dll
0x00007ffe9c490000 - 0x00007ffe9c49a000 	C:\WINDOWS\SYSTEM32\VERSION.dll
0x00007ffea3cb0000 - 0x00007ffea3cc3000 	C:\WINDOWS\SYSTEM32\UMPDC.dll
0x00007ffea2fd0000 - 0x00007ffea2fe8000 	C:\WINDOWS\SYSTEM32\kernel.appcore.dll
0x00007ffe8d190000 - 0x00007ffe8d19a000 	c:\Users\HP\.vscode\extensions\redhat.java-1.28.1-win32-x64\jre\17.0.10-win32-x86_64\bin\jimage.dll
0x00007ffea19b0000 - 0x00007ffea1be3000 	C:\WINDOWS\SYSTEM32\DBGHELP.DLL
0x00007ffea6090000 - 0x00007ffea6419000 	C:\WINDOWS\System32\combase.dll
0x00007ffea67f0000 - 0x00007ffea68c7000 	C:\WINDOWS\System32\OLEAUT32.dll
0x00007ffe93bc0000 - 0x00007ffe93bf2000 	C:\WINDOWS\SYSTEM32\dbgcore.DLL
0x00007ffea4200000 - 0x00007ffea427a000 	C:\WINDOWS\System32\bcryptPrimitives.dll
0x00007ffe71150000 - 0x00007ffe71175000 	c:\Users\HP\.vscode\extensions\redhat.java-1.28.1-win32-x64\jre\17.0.10-win32-x86_64\bin\java.dll
0x00007ffe70f60000 - 0x00007ffe70f78000 	c:\Users\HP\.vscode\extensions\redhat.java-1.28.1-win32-x64\jre\17.0.10-win32-x86_64\bin\zip.dll
0x00007ffea52c0000 - 0x00007ffea5b1b000 	C:\WINDOWS\System32\SHELL32.dll
0x00007ffea1ec0000 - 0x00007ffea27b6000 	C:\WINDOWS\SYSTEM32\windows.storage.dll
0x00007ffea1d80000 - 0x00007ffea1ebe000 	C:\WINDOWS\SYSTEM32\wintypes.dll
0x00007ffea5b20000 - 0x00007ffea5c13000 	C:\WINDOWS\System32\SHCORE.dll
0x00007ffea4be0000 - 0x00007ffea4c3e000 	C:\WINDOWS\System32\shlwapi.dll
0x00007ffea3ee0000 - 0x00007ffea3f06000 	C:\WINDOWS\SYSTEM32\profapi.dll
0x00007ffe707a0000 - 0x00007ffe707b9000 	C:\Users\HP\.vscode\extensions\redhat.java-1.28.1-win32-x64\jre\17.0.10-win32-x86_64\bin\net.dll
0x00007ffe9e7b0000 - 0x00007ffe9e8e7000 	C:\WINDOWS\SYSTEM32\WINHTTP.dll
0x00007ffea3470000 - 0x00007ffea34d9000 	C:\WINDOWS\system32\mswsock.dll
0x00007ffe70120000 - 0x00007ffe70136000 	C:\Users\HP\.vscode\extensions\redhat.java-1.28.1-win32-x64\jre\17.0.10-win32-x86_64\bin\nio.dll
0x00007ffe8c8d0000 - 0x00007ffe8c8e0000 	c:\Users\HP\.vscode\extensions\redhat.java-1.28.1-win32-x64\jre\17.0.10-win32-x86_64\bin\verify.dll
0x00007ffea36c0000 - 0x00007ffea36db000 	C:\WINDOWS\SYSTEM32\CRYPTSP.dll
0x00007ffea2f20000 - 0x00007ffea2f55000 	C:\WINDOWS\system32\rsaenh.dll
0x00007ffea3560000 - 0x00007ffea358c000 	C:\WINDOWS\SYSTEM32\USERENV.dll
0x00007ffea36e0000 - 0x00007ffea36ec000 	C:\WINDOWS\SYSTEM32\CRYPTBASE.dll
0x00007ffea2a20000 - 0x00007ffea2a4d000 	C:\WINDOWS\SYSTEM32\IPHLPAPI.DLL
0x00007ffea5120000 - 0x00007ffea5129000 	C:\WINDOWS\System32\NSI.dll
0x00007ffe9d4c0000 - 0x00007ffe9d4d9000 	C:\WINDOWS\SYSTEM32\dhcpcsvc6.DLL
0x00007ffe9d2a0000 - 0x00007ffe9d2bf000 	C:\WINDOWS\SYSTEM32\dhcpcsvc.DLL
0x00007ffea2a90000 - 0x00007ffea2b89000 	C:\WINDOWS\SYSTEM32\DNSAPI.dll
0x00007ffe8bab0000 - 0x00007ffe8bab9000 	C:\Users\HP\.vscode\extensions\redhat.java-1.28.1-win32-x64\jre\17.0.10-win32-x86_64\bin\management.dll
0x00007ffe8ab00000 - 0x00007ffe8ab0b000 	C:\Users\HP\.vscode\extensions\redhat.java-1.28.1-win32-x64\jre\17.0.10-win32-x86_64\bin\management_ext.dll
0x00007ffea6580000 - 0x00007ffea6588000 	C:\WINDOWS\System32\PSAPI.DLL
0x00007ffe9c5d0000 - 0x00007ffe9c5de000 	C:\Users\HP\.vscode\extensions\redhat.java-1.28.1-win32-x64\jre\17.0.10-win32-x86_64\bin\sunmscapi.dll
0x00007ffea4700000 - 0x00007ffea4866000 	C:\WINDOWS\System32\CRYPT32.dll
0x00007ffea3880000 - 0x00007ffea38ae000 	C:\WINDOWS\SYSTEM32\ncrypt.dll
0x00007ffea3840000 - 0x00007ffea3877000 	C:\WINDOWS\SYSTEM32\NTASN1.dll
0x00007ffe9c4c0000 - 0x00007ffe9c4ca000 	C:\Windows\System32\rasadhlp.dll
0x00007ffe98e40000 - 0x00007ffe98ec3000 	C:\WINDOWS\System32\fwpuclnt.dll
0x00007ffe8c0b0000 - 0x00007ffe8c0b9000 	C:\Users\HP\.vscode\extensions\redhat.java-1.28.1-win32-x64\jre\17.0.10-win32-x86_64\bin\extnet.dll

dbghelp: loaded successfully - version: 4.0.5 - missing functions: none
symbol engine: initialized successfully - sym options: 0x614 - pdb path: .;c:\Users\HP\.vscode\extensions\redhat.java-1.28.1-win32-x64\jre\17.0.10-win32-x86_64\bin;C:\WINDOWS\SYSTEM32;C:\WINDOWS\WinSxS\amd64_microsoft.windows.common-controls_6595b64144ccf1df_6.0.22621.2506_none_270c5ae97388e100;c:\Users\HP\.vscode\extensions\redhat.java-1.28.1-win32-x64\jre\17.0.10-win32-x86_64\bin\server

VM Arguments:
jvm_args: -XX:+HeapDumpOnOutOfMemoryError -Xmx1024m -Dsts.lsp.client=vscode -Dsts.log.file=/dev/null -XX:TieredStopAtLevel=1 -Xlog:jni+resolve=off -Dspring.config.location=file:c:\Users\HP\.vscode\extensions\vmware.vscode-spring-boot-1.52.0\language-server\BOOT-INF\classes\application.properties 
java_command: org.springframework.ide.vscode.boot.app.BootLanguageServerBootApp
java_class_path (initial): c:\Users\HP\.vscode\extensions\vmware.vscode-spring-boot-1.52.0\language-server\BOOT-INF\classes;c:\Users\HP\.vscode\extensions\vmware.vscode-spring-boot-1.52.0\language-server\BOOT-INF\lib\annotations-24.1.0.jar;c:\Users\HP\.vscode\extensions\vmware.vscode-spring-boot-1.52.0\language-server\BOOT-INF\lib\antlr4-runtime-4.11.1.jar;c:\Users\HP\.vscode\extensions\vmware.vscode-spring-boot-1.52.0\language-server\BOOT-INF\lib\asm-9.6.jar;c:\Users\HP\.vscode\extensions\vmware.vscode-spring-boot-1.52.0\language-server\BOOT-INF\lib\asm-analysis-9.6.jar;c:\Users\HP\.vscode\extensions\vmware.vscode-spring-boot-1.52.0\language-server\BOOT-INF\lib\asm-tree-9.6.jar;c:\Users\HP\.vscode\extensions\vmware.vscode-spring-boot-1.52.0\language-server\BOOT-INF\lib\asm-util-9.6.jar;c:\Users\HP\.vscode\extensions\vmware.vscode-spring-boot-1.52.0\language-server\BOOT-INF\lib\caffeine-3.1.8.jar;c:\Users\HP\.vscode\extensions\vmware.vscode-spring-boot-1.52.0\language-server\BOOT-INF\lib\checker-qual-3.12.0.jar;c:\Users\HP\.vscode\extensions\vmware.vscode-spring-boot-1.52.0\language-server\BOOT-INF\lib\classgraph-4.8.149.jar;c:\Users\HP\.vscode\extensions\vmware.vscode-spring-boot-1.52.0\language-server\BOOT-INF\lib\commons-codec-1.16.0.jar;c:\Users\HP\.vscode\extensions\vmware.vscode-spring-boot-1.52.0\language-server\BOOT-INF\lib\commons-compress-1.25.0.jar;c:\Users\HP\.vscode\extensions\vmware.vscode-spring-boot-1.52.0\language-server\BOOT-INF\lib\commons-io-2.4.jar;c:\Users\HP\.vscode\extensions\vmware.vscode-spring-boot-1.52.0\language-server\BOOT-INF\lib\commons-java-1.52.0-SNAPSHOT.jar;c:\Users\HP\.vscode\extensions\vmware.vscode-spring-boot-1.52.0\language-server\BOOT-INF\lib\commons-lang3-3.13.0.jar;c:\Users\HP\.vscode\extensions\vmware.vscode-spring-boot-1.52.0\language-server\BOOT-INF\lib\commons-language-server-1.52.0-SNAPSHOT.jar;c:\Users\HP\.vscode\extensions\vmware.vscode-spring-boot-1.52.0\language-server\BOOT-INF\lib\commons-lsp-extensions-1.52.0-
Launcher Type: SUN_STANDARD

[Global flags]
     intx CICompilerCount                          = 3                                         {product} {ergonomic}
     uint ConcGCThreads                            = 2                                         {product} {ergonomic}
     uint G1ConcRefinementThreads                  = 6                                         {product} {ergonomic}
   size_t G1HeapRegionSize                         = 1048576                                   {product} {ergonomic}
    uintx GCDrainStackTargetSize                   = 64                                        {product} {ergonomic}
     bool HeapDumpOnOutOfMemoryError               = true                                   {manageable} {command line}
   size_t InitialHeapSize                          = 125829120                                 {product} {ergonomic}
   size_t MarkStackSize                            = 4194304                                   {product} {ergonomic}
   size_t MaxHeapSize                              = 1073741824                                {product} {command line}
   size_t MaxNewSize                               = 643825664                                 {product} {ergonomic}
   size_t MinHeapDeltaBytes                        = 1048576                                   {product} {ergonomic}
   size_t MinHeapSize                              = 8388608                                   {product} {ergonomic}
    uintx NonProfiledCodeHeapSize                  = 0                                      {pd product} {ergonomic}
     bool ProfileInterpreter                       = false                                  {pd product} {command line}
    uintx ProfiledCodeHeapSize                     = 0                                      {pd product} {ergonomic}
   size_t SoftMaxHeapSize                          = 1073741824                             {manageable} {ergonomic}
     intx TieredStopAtLevel                        = 1                                         {product} {command line}
     bool UseCompressedClassPointers               = true                           {product lp64_product} {ergonomic}
     bool UseCompressedOops                        = true                           {product lp64_product} {ergonomic}
     bool UseG1GC                                  = true                                      {product} {ergonomic}
     bool UseLargePagesIndividualAllocation        = false                                  {pd product} {ergonomic}

Logging:
Log output configuration:
 #0: stdout all=warning,jni+resolve=off uptime,level,tags
 #1: stderr all=off uptime,level,tags

Environment Variables:
JAVA_HOME=C:\Program Files\jdk-20.0.2
PATH=C:\Program Files\Common Files\Oracle\Java\javapath;C:\Program Files (x86)\Common Files\Oracle\Java\javapath;C:\WINDOWS\system32;C:\WINDOWS;C:\WINDOWS\System32\Wbem;C:\WINDOWS\System32\WindowsPowerShell\v1.0\;C:\WINDOWS\System32\OpenSSH\;C:\Program Files\Git\cmd;C:\MinGW\bin;C:\Program Files\wkhtmltopdf\bin;C:\Program Files (x86)\Java\jre-1.8\bin;C:\Program Files\jdk-20.0.2\bin;C:\Program Files\MongoDB\Server\7.0\bin;C:\Program Files\nodejs\;C:\Program Files\Amazon\AWSCLIV2\;C:\Program Files\Docker\Docker\resources\bin;C:\Program Files\PowerShell\7\;C:\Users\HP\AppData\Local\Programs\Python\Python37\Scripts\;C:\Users\HP\AppData\Local\Programs\Python\Python37\;C:\Users\HP\AppData\Local\Microsoft\WindowsApps;C:\Program Files\JetBrains\PyCharm Community Edition 2023.1.3\bin;;C:\Program Files\MongoDB\Server\7.0\bin;C:\Users\HP\AppData\Roaming\npm;C:\Program Files\heroku\bin;C:\Users\HP\apache-maven-3.9.6\bin;C:\Users\HP\AppData\Local\Programs\Microsoft VS Code\bin;C:\Program Files\JetBrains\DataGrip 2023.3.4\bin;;C:\Program Files\MySQL\MySQL Server 8.3\bin;C:\Users\HP\AppData\Local\Programs\oh-my-posh\bin;
USERNAME=HP
OS=Windows_NT
PROCESSOR_IDENTIFIER=AMD64 Family 23 Model 96 Stepping 1, AuthenticAMD
TMP=C:\Users\HP\AppData\Local\Temp
TEMP=C:\Users\HP\AppData\Local\Temp



Periodic native trim disabled


---------------  S Y S T E M  ---------------

OS:
 Windows 11 , 64 bit Build 22621 (10.0.22621.3085)
OS uptime: 2 days 23:50 hours
Hyper-V role detected

CPU: total 6 (initial active 6) (6 cores per cpu, 1 threads per core) family 23 model 96 stepping 1 microcode 0x0, cx8, cmov, fxsr, mmx, 3dnowpref, sse, sse2, sse3, ssse3, sse4a, sse4.1, sse4.2, popcnt, lzcnt, tsc, tscinvbit, avx, avx2, aes, clmul, bmi1, bmi2, adx, sha, fma, vzeroupper, clflush, clflushopt, hv
Processor Information for all 6 processors :
  Max Mhz: 2375, Current Mhz: 2375, Mhz Limit: 2375

Memory: 4k page, system-wide physical 7564M (593M free)
TotalPageFile size 14553M (AvailPageFile size 3M)
current process WorkingSet (physical memory assigned to process): 93M, peak: 269M
current process commit charge ("private bytes"): 281M, peak: 471M

vm_info: OpenJDK 64-Bit Server VM (17.0.10+7) for windows-amd64 JRE (17.0.10+7), built on Jan 16 2024 23:25:11 by "admin" with MS VC++ 16.10 / 16.11 (VS2019)

END.
